#
# A fatal error has been detected by the Java Runtime Environment:
#
#  EXCEPTION_ACCESS_VIOLATION (0xc0000005) at pc=0x00403154, pid=2652, tid=7244
#
# JRE version: 6.0_24-b07
# Java VM: Java HotSpot(TM) Server VM (19.1-b02 mixed mode windows-x86 )
# Problematic frame:
# C  [samp-server.exe+0x3154]
#
# If you would like to submit a bug report, please visit:
#   http://java.sun.com/webapps/bugreport/crash.jsp
# The crash happened outside the Java Virtual Machine in native code.
# See problematic frame for where to report the bug.
#

---------------  T H R E A D  ---------------

Current thread (0x01d69c00):  JavaThread "main" [_thread_in_native, id=7244, stack(0x00030000,0x00130000)]

siginfo: ExceptionCode=0xc0000005, reading address 0x00000004

Registers:
EAX=0x00000000, EBX=0x103882a0, ECX=0x0012f49c, EDX=0x00000001
ESP=0x0012f3b8, EBP=0x0012f4a4, ESI=0x103882a0, EDI=0x0012f4a4
EIP=0x00403154, EFLAGS=0x00010216

Register to memory mapping:

EAX=0x00000000
0x00000000 is pointing to unknown location

EBX=0x103882a0
{method} 
 - klass: {other class}

ECX=0x0012f49c
0x0012f49c is pointing into the stack for thread: 0x01d69c00
"main" prio=6 tid=0x01d69c00 nid=0x1c4c runnable [0x0012f000]
   java.lang.Thread.State: RUNNABLE

EDX=0x00000001
0x00000001 is pointing to unknown location

ESP=0x0012f3b8
0x0012f3b8 is pointing into the stack for thread: 0x01d69c00
"main" prio=6 tid=0x01d69c00 nid=0x1c4c runnable [0x0012f000]
   java.lang.Thread.State: RUNNABLE

EBP=0x0012f4a4
0x0012f4a4 is pointing into the stack for thread: 0x01d69c00
"main" prio=6 tid=0x01d69c00 nid=0x1c4c runnable [0x0012f000]
   java.lang.Thread.State: RUNNABLE

ESI=0x103882a0
{method} 
 - klass: {other class}

EDI=0x0012f4a4
0x0012f4a4 is pointing into the stack for thread: 0x01d69c00
"main" prio=6 tid=0x01d69c00 nid=0x1c4c runnable [0x0012f000]
   java.lang.Thread.State: RUNNABLE


Top of Stack: (sp=0x0012f3b8)
0x0012f3b8:   6f90d6f3 00000000 00000001 0012f49c
0x0012f3c8:   0012f5ac 0012f5b4 103882a0 103882a0
0x0012f3d8:   cccccccc cccccccc cccccccc cccccccc
0x0012f3e8:   cccccccc cccccccc cccccccc cccccccc
0x0012f3f8:   cccccccc cccccccc cccccccc cccccccc
0x0012f408:   cccccccc cccccccc cccccccc cccccccc
0x0012f418:   cccccccc cccccccc cccccccc cccccccc
0x0012f428:   cccccccc cccccccc cccccccc cccccccc 

Instructions: (pc=0x00403154)
0x00403144:   cc cc cc cc cc cc cc cc cc cc cc cc 8b 44 24 04
0x00403154:   8b 48 04 85 c9 75 07 8b 10 8b 4a 10 03 ca 8b 50 


Stack: [0x00030000,0x00130000],  sp=0x0012f3b8,  free space=1020k
Native frames: (J=compiled Java code, j=interpreted, Vv=VM code, C=native code)
C  [samp-server.exe+0x3154]
C  [Shoebill.DLL+0x64969]
C  [Shoebill.DLL+0x5240b]
j  net.gtaun.samp.NativeFunction.getPlayerHealth(I)F+0
j  net.gtaun.samp.PlayerBase.update()V+16
j  net.gtaun.samp.GameModeBase.onPlayerUpdate(I)I+8
v  ~StubRoutines::call_stub
V  [jvm.dll+0x197cb9]
V  [jvm.dll+0x28d291]
V  [jvm.dll+0x197d3d]
V  [jvm.dll+0x1a1511]
V  [jvm.dll+0x1a3327]
C  [Shoebill.DLL+0x58363]
C  [Shoebill.DLL+0x5aa89]
C  [Shoebill.DLL+0x72b2a]

Java frames: (J=compiled Java code, j=interpreted, Vv=VM code)
j  net.gtaun.samp.NativeFunction.getPlayerHealth(I)F+0
j  net.gtaun.samp.PlayerBase.update()V+16
j  net.gtaun.samp.GameModeBase.onPlayerUpdate(I)I+8
v  ~StubRoutines::call_stub

---------------  P R O C E S S  ---------------

Java Threads: ( => current thread )
  0x05690400 JavaThread "Low Memory Detector" daemon [_thread_blocked, id=4716, stack(0x05c80000,0x05d80000)]
  0x05685800 JavaThread "CompilerThread1" daemon [_thread_blocked, id=6536, stack(0x05b80000,0x05c80000)]
  0x01e9e000 JavaThread "CompilerThread0" daemon [_thread_blocked, id=6896, stack(0x05a80000,0x05b80000)]
  0x01e9cc00 JavaThread "Attach Listener" daemon [_thread_blocked, id=6920, stack(0x05980000,0x05a80000)]
  0x01e9c000 JavaThread "Signal Dispatcher" daemon [_thread_blocked, id=7704, stack(0x05880000,0x05980000)]
  0x01e92400 JavaThread "Finalizer" daemon [_thread_blocked, id=6304, stack(0x05580000,0x05680000)]
  0x01e8f000 JavaThread "Reference Handler" daemon [_thread_blocked, id=7488, stack(0x05480000,0x05580000)]
=>0x01d69c00 JavaThread "main" [_thread_in_native, id=7244, stack(0x00030000,0x00130000)]

Other Threads:
  0x01e8b800 VMThread [stack: 0x05380000,0x05480000] [id=7416]
  0x05691400 WatcherThread [stack: 0x05d80000,0x05e80000] [id=7788]

VM state:not at safepoint (normal execution)

VM Mutex/Monitor currently owned by a thread: None

Heap
 PSYoungGen      total 14336K, used 10792K [0x34080000, 0x35080000, 0x44080000)
  eden space 12288K, 71% used [0x34080000,0x3490c148,0x34c80000)
  from space 2048K, 99% used [0x34c80000,0x34e7e080,0x34e80000)
  to   space 2048K, 0% used [0x34e80000,0x34e80000,0x35080000)
 PSOldGen        total 32768K, used 3525K [0x14080000, 0x16080000, 0x34080000)
  object space 32768K, 10% used [0x14080000,0x143f1520,0x16080000)
 PSPermGen       total 16384K, used 3352K [0x10080000, 0x11080000, 0x14080000)
  object space 16384K, 20% used [0x10080000,0x103c60c0,0x11080000)

Dynamic libraries:
0x00400000 - 0x004e7000 	C:\Users\MK124\Desktop\Shoebill\sampsvr\samp-server.exe
0x772f0000 - 0x7742c000 	C:\Windows\SYSTEM32\ntdll.dll
0x75970000 - 0x75a44000 	C:\Windows\system32\kernel32.dll
0x75740000 - 0x7578a000 	C:\Windows\system32\KERNELBASE.dll
0x766a0000 - 0x772ea000 	C:\Windows\system32\SHELL32.dll
0x760c0000 - 0x7616c000 	C:\Windows\system32\msvcrt.dll
0x757c0000 - 0x75817000 	C:\Windows\system32\SHLWAPI.dll
0x76220000 - 0x7626e000 	C:\Windows\system32\GDI32.dll
0x77450000 - 0x77519000 	C:\Windows\system32\USER32.dll
0x77440000 - 0x7744a000 	C:\Windows\system32\LPK.dll
0x75c80000 - 0x75d1d000 	C:\Windows\system32\USP10.dll
0x69820000 - 0x69827000 	C:\Windows\system32\WSOCK32.dll
0x76660000 - 0x76695000 	C:\Windows\system32\WS2_32.dll
0x76170000 - 0x76211000 	C:\Windows\system32\RPCRT4.dll
0x76080000 - 0x76086000 	C:\Windows\system32\NSI.dll
0x73960000 - 0x73992000 	C:\Windows\system32\WINMM.dll
0x75880000 - 0x7589f000 	C:\Windows\system32\IMM32.DLL
0x75bb0000 - 0x75c7c000 	C:\Windows\system32\MSCTF.dll
0x06540000 - 0x06559000 	D:\GDI++\gdi++.dll
0x10000000 - 0x10076000 	D:\GDI++\freetype.dll
0x76270000 - 0x76310000 	C:\Windows\system32\ADVAPI32.dll
0x757a0000 - 0x757b9000 	C:\Windows\SYSTEM32\sechost.dll
0x0f000000 - 0x0f006000 	C:\Windows\system32\detoured.dll
0x72f20000 - 0x72f32000 	C:\Users\MK124\Desktop\Shoebill\sampsvr\plugins\NPatcher.DLL
0x77430000 - 0x77435000 	C:\Windows\system32\PSAPI.DLL
0x6f8b0000 - 0x6f9c0000 	C:\Users\MK124\Desktop\Shoebill\sampsvr\plugins\Shoebill.DLL
0x6db70000 - 0x6dfb9000 	C:\Program Files\Java\jdk1.6.0_24\jre\bin\server\jvm.dll
0x7c360000 - 0x7c3b6000 	C:\Windows\system32\MSVCR71.dll
0x753c0000 - 0x7540c000 	C:\Windows\system32\apphelp.dll
0x6d850000 - 0x6d85c000 	C:\Program Files\Java\jdk1.6.0_24\jre\bin\verify.dll
0x6d3d0000 - 0x6d3ef000 	C:\Program Files\Java\jdk1.6.0_24\jre\bin\java.dll
0x6d330000 - 0x6d338000 	C:\Program Files\Java\jdk1.6.0_24\jre\bin\hpi.dll
0x6d890000 - 0x6d89f000 	C:\Program Files\Java\jdk1.6.0_24\jre\bin\zip.dll
0x6f9f0000 - 0x6fa06000 	C:\Users\MK124\Desktop\Shoebill\sampsvr\plugins\logpath.DLL
0x74f00000 - 0x74f3c000 	C:\Windows\system32\mswsock.dll
0x74a00000 - 0x74a05000 	C:\Windows\System32\wshtcpip.dll
0x73820000 - 0x73830000 	C:\Windows\system32\NLAapi.dll
0x70bc0000 - 0x70bd0000 	C:\Windows\system32\napinsp.dll
0x70ba0000 - 0x70bb2000 	C:\Windows\system32\pnrpnsp.dll
0x70b90000 - 0x70b9d000 	C:\Windows\system32\wshbth.dll
0x74dc0000 - 0x74e04000 	C:\Windows\system32\DNSAPI.dll
0x70b80000 - 0x70b88000 	C:\Windows\System32\winrnr.dll
0x735f0000 - 0x7360c000 	C:\Windows\system32\IPHLPAPI.DLL
0x735e0000 - 0x735e7000 	C:\Windows\system32\WINNSI.DLL
0x71a80000 - 0x71ab8000 	C:\Windows\System32\fwpuclnt.dll
0x70410000 - 0x70416000 	C:\Windows\system32\rasadhlp.dll
0x75a50000 - 0x75bac000 	C:\Windows\system32\ole32.dll
0x75410000 - 0x7541c000 	C:\Windows\system32\CRYPTBASE.dll
0x74250000 - 0x74290000 	C:\Windows\system32\uxtheme.dll
0x05ff0000 - 0x0604e000 	C:\Program Files\360\360safe\safemon\safemon.dll
0x765d0000 - 0x7665f000 	C:\Windows\system32\OLEAUT32.dll
0x6f5c0000 - 0x6f626000 	C:\Windows\system32\MSVCP60.dll
0x74a20000 - 0x74a29000 	C:\Windows\system32\VERSION.dll
0x74290000 - 0x74385000 	C:\Windows\system32\PROPSYS.dll
0x743d0000 - 0x7456e000 	C:\Windows\WinSxS\x86_microsoft.windows.common-controls_6595b64144ccf1df_6.0.7601.17514_none_41e6975e2bd6f2b2\comctl32.dll
0x76310000 - 0x76393000 	C:\Windows\system32\CLBCatQ.DLL
0x75ec0000 - 0x76076000 	C:\Windows\system32\iertutil.dll
0x763a0000 - 0x764b0000 	C:\Windows\system32\urlmon.dll
0x764b0000 - 0x765ca000 	C:\Windows\system32\WININET.dll
0x75790000 - 0x75793000 	C:\Windows\system32\Normaliz.dll
0x75d20000 - 0x75ebd000 	C:\Windows\system32\SETUPAPI.dll
0x75650000 - 0x75677000 	C:\Windows\system32\CFGMGR32.dll
0x75630000 - 0x75642000 	C:\Windows\system32\DEVOBJ.dll
0x73dc0000 - 0x73de1000 	C:\Windows\system32\ntmarta.dll
0x758a0000 - 0x758e5000 	C:\Windows\system32\WLDAP32.dll
0x75380000 - 0x75388000 	C:\Windows\system32\Secur32.dll
0x753a0000 - 0x753bb000 	C:\Windows\system32\SSPICLI.DLL
0x75490000 - 0x7549b000 	C:\Windows\system32\profapi.dll

VM Arguments:
jvm_args: -verbose:gc 
java_command: <unknown>
Launcher Type: generic

Environment Variables:
PATH=C:\Program Files\AMD APP\bin\x86;D:\Intel\VTune\CGGlbCache;D:\Intel\VTune\Analyzer\Bin;D:\Intel\VTune\Shared\Bin;C:\Windows\system32;C:\Windows;C:\Windows\System32\Wbem;C:\Windows\System32\WindowsPowerShell\v1.0\;C:\Program Files\Common Files\Thunder Network\KanKan\Codecs;C:\Program Files\ATI Technologies\ATI.ACE\Core-Static;C:\Program Files\TortoiseSVN\bin;D:\Microsoft Visual Studio\VC98\Bin;D:\Microsoft Visual Studio\Common\MSDev98\Bin;C:\Program Files\TortoiseHg\;D:\WINDDK\;C:\Program Files\Xuggle\bin;C:\Program Files\Git\cmd;C:\Program Files\TortoiseGit\bin;D:\Microsoft Visual Studio\Common\MSDev98\Bin;D:\Microsoft Visual Studio\Common\Tools;D:\Microsoft Visual Studio\VC98\bin;D:\Microsoft Visual Studio 2008 SDK\VisualStudioIntegration\Tools\Sandcastle\ProductionTools\;D:\SSH Secure Shell;C:\Program Files\Java\jdk1.6.0_24\bin;C:\Program Files\Java\jdk1.6.0_24\jre\bin\server;D:\GDI++
USERNAME=MK124
OS=Windows_NT
PROCESSOR_IDENTIFIER=x86 Family 6 Model 15 Stepping 13, GenuineIntel



---------------  S Y S T E M  ---------------

OS: Windows 7 Build 7601 Service Pack 1

CPU:total 2 (2 cores per cpu, 1 threads per core) family 6 model 15 stepping 13, cmov, cx8, fxsr, mmx, sse, sse2, sse3, ssse3

Memory: 4k page, physical 3144952k(961544k free), swap 6288148k(3603756k free)

vm_info: Java HotSpot(TM) Server VM (19.1-b02) for windows-x86 JRE (1.6.0_24-b07), built on Feb  2 2011 17:37:30 by "java_re" with MS VC++ 7.1 (VS2003)

time: Wed Aug 03 00:34:14 2011
elapsed time: 1870 seconds

