#
# A fatal error has been detected by the Java Runtime Environment:
#
#  EXCEPTION_ACCESS_VIOLATION (0xc0000005) at pc=0x00000000, pid=5608, tid=4508
#
# JRE version: 6.0_24-b07
# Java VM: Java HotSpot(TM) Server VM (19.1-b02 mixed mode windows-x86 )
# Problematic frame:
# C  0x00000000
#
# If you would like to submit a bug report, please visit:
#   http://java.sun.com/webapps/bugreport/crash.jsp
# The crash happened outside the Java Virtual Machine in native code.
# See problematic frame for where to report the bug.
#

---------------  T H R E A D  ---------------

Current thread (0x01429c00):  JavaThread "main" [_thread_in_native, id=4508, stack(0x00030000,0x00130000)]

siginfo: ExceptionCode=0xc0000005, reading address 0x00000000

Registers:
EAX=0x0012f6b8, EBX=0x1038a820, ECX=0x0137cf50, EDX=0x0012f466
ESP=0x0012f5d8, EBP=0x0012f6e0, ESI=0x0012f5e4, EDI=0x0012f6d4
EIP=0x00000000, EFLAGS=0x00010216

Register to memory mapping:

EAX=0x0012f6b8
0x0012f6b8 is pointing into the stack for thread: 0x01429c00
"main" prio=6 tid=0x01429c00 nid=0x119c runnable [0x0012f000]
   java.lang.Thread.State: RUNNABLE

EBX=0x1038a820
{method} 
 - klass: {other class}

ECX=0x0137cf50
0x0137cf50 is pointing to unknown location

EDX=0x0012f466
0x0012f466 is pointing into the stack for thread: 0x01429c00
"main" prio=6 tid=0x01429c00 nid=0x119c runnable [0x0012f000]
   java.lang.Thread.State: RUNNABLE

ESP=0x0012f5d8
0x0012f5d8 is pointing into the stack for thread: 0x01429c00
"main" prio=6 tid=0x01429c00 nid=0x119c runnable [0x0012f000]
   java.lang.Thread.State: RUNNABLE

EBP=0x0012f6e0
0x0012f6e0 is pointing into the stack for thread: 0x01429c00
"main" prio=6 tid=0x01429c00 nid=0x119c runnable [0x0012f000]
   java.lang.Thread.State: RUNNABLE

ESI=0x0012f5e4
0x0012f5e4 is pointing into the stack for thread: 0x01429c00
"main" prio=6 tid=0x01429c00 nid=0x119c runnable [0x0012f000]
   java.lang.Thread.State: RUNNABLE

EDI=0x0012f6d4
0x0012f6d4 is pointing into the stack for thread: 0x01429c00
"main" prio=6 tid=0x01429c00 nid=0x119c runnable [0x0012f000]
   java.lang.Thread.State: RUNNABLE


Top of Stack: (sp=0x0012f5d8)
0x0012f5d8:   65599cd2 0137cf50 0012f6b8 a3d04e15
0x0012f5e8:   0012f7c8 1038a820 1038a820 cccccccc
0x0012f5f8:   cccccccc cccccccc cccccccc cccccccc
0x0012f608:   cccccccc cccccccc cccccccc cccccccc
0x0012f618:   cccccccc cccccccc cccccccc cccccccc
0x0012f628:   cccccccc cccccccc cccccccc cccccccc
0x0012f638:   cccccccc cccccccc cccccccc cccccccc
0x0012f648:   cccccccc cccccccc cccccccc cccccccc 

Instructions: (pc=0x00000000)
0xfffffff0:   


Stack: [0x00030000,0x00130000],  sp=0x0012f5d8,  free space=1021k
Java frames: (J=compiled Java code, j=interpreted, Vv=VM code)
j  net.gtaun.samp.NativeFunction.setPlayerCheckpoint(IFFFF)V+0
j  net.gtaun.samp.CheckpointBase.set(Lnet/gtaun/samp/PlayerBase;)V+20
J  com.samp.lvdmod.GameMode$1.handleEvent(Lnet/gtaun/samp/event/TimerTickEvent;)V
j  com.samp.lvdmod.GameMode$1.handleEvent(Lnet/gtaun/event/Event;)V+5
J  net.gtaun.event.EventDispatcher.dispatchEvent(Lnet/gtaun/event/Event;)I
J  net.gtaun.samp.GameModeBase.onProcessTick()V
v  ~StubRoutines::call_stub

---------------  P R O C E S S  ---------------

Java Threads: ( => current thread )
  0x0522bc00 JavaThread "Low Memory Detector" daemon [_thread_blocked, id=6128, stack(0x05820000,0x05920000)]
  0x05221000 JavaThread "CompilerThread1" daemon [_thread_blocked, id=3356, stack(0x05720000,0x05820000)]
  0x01a6e400 JavaThread "CompilerThread0" daemon [_thread_blocked, id=3624, stack(0x05620000,0x05720000)]
  0x01a6d000 JavaThread "Attach Listener" daemon [_thread_blocked, id=4496, stack(0x05520000,0x05620000)]
  0x01a6c400 JavaThread "Signal Dispatcher" daemon [_thread_blocked, id=5936, stack(0x05420000,0x05520000)]
  0x01a35800 JavaThread "Finalizer" daemon [_thread_blocked, id=5912, stack(0x05120000,0x05220000)]
  0x01a2f000 JavaThread "Reference Handler" daemon [_thread_blocked, id=5820, stack(0x05020000,0x05120000)]
=>0x01429c00 JavaThread "main" [_thread_in_native, id=4508, stack(0x00030000,0x00130000)]

Other Threads:
  0x01a2b800 VMThread [stack: 0x04f20000,0x05020000] [id=5108]
  0x01a47000 WatcherThread [stack: 0x05920000,0x05a20000] [id=1584]

VM state:not at safepoint (normal execution)

VM Mutex/Monitor currently owned by a thread: None

Heap
 PSYoungGen      total 16512K, used 6300K [0x34080000, 0x35640000, 0x44080000)
  eden space 11776K, 36% used [0x34080000,0x344a4f88,0x34c00000)
  from space 4736K, 43% used [0x351a0000,0x353a2080,0x35640000)
  to   space 5248K, 0% used [0x34c00000,0x34c00000,0x35120000)
 PSOldGen        total 32768K, used 3541K [0x14080000, 0x16080000, 0x34080000)
  object space 32768K, 10% used [0x14080000,0x143f5520,0x16080000)
 PSPermGen       total 16384K, used 3362K [0x10080000, 0x11080000, 0x14080000)
  object space 16384K, 20% used [0x10080000,0x103c89a8,0x11080000)

Dynamic libraries:
0x00400000 - 0x004e7000 	C:\Users\MK124\Desktop\Shoebill\sampsvr\samp-server.exe
0x770e0000 - 0x7721c000 	C:\Windows\SYSTEM32\ntdll.dll
0x758c0000 - 0x75994000 	C:\Windows\system32\kernel32.dll
0x75530000 - 0x7557a000 	C:\Windows\system32\KERNELBASE.dll
0x761b0000 - 0x76dfa000 	C:\Windows\system32\SHELL32.dll
0x76e30000 - 0x76edc000 	C:\Windows\system32\msvcrt.dll
0x759a0000 - 0x759f7000 	C:\Windows\system32\SHLWAPI.dll
0x75d10000 - 0x75d5e000 	C:\Windows\system32\GDI32.dll
0x760e0000 - 0x761a9000 	C:\Windows\system32\USER32.dll
0x77220000 - 0x7722a000 	C:\Windows\system32\LPK.dll
0x75ea0000 - 0x75f3d000 	C:\Windows\system32\USP10.dll
0x70850000 - 0x70857000 	C:\Windows\system32\WSOCK32.dll
0x75bc0000 - 0x75bf5000 	C:\Windows\system32\WS2_32.dll
0x76ee0000 - 0x76f81000 	C:\Windows\system32\RPCRT4.dll
0x77230000 - 0x77236000 	C:\Windows\system32\NSI.dll
0x73af0000 - 0x73b22000 	C:\Windows\system32\WINMM.dll
0x75d60000 - 0x75d7f000 	C:\Windows\system32\IMM32.DLL
0x77010000 - 0x770dc000 	C:\Windows\system32\MSCTF.dll
0x06540000 - 0x06559000 	D:\GDI++\gdi++.dll
0x10000000 - 0x10076000 	D:\GDI++\freetype.dll
0x75660000 - 0x75700000 	C:\Windows\system32\ADVAPI32.dll
0x76e00000 - 0x76e19000 	C:\Windows\SYSTEM32\sechost.dll
0x0f000000 - 0x0f006000 	C:\Windows\system32\detoured.dll
0x68a70000 - 0x68a82000 	C:\Users\MK124\Desktop\Shoebill\sampsvr\plugins\NPatcher.DLL
0x77240000 - 0x77245000 	C:\Windows\system32\PSAPI.DLL
0x65530000 - 0x65640000 	C:\Users\MK124\Desktop\Shoebill\sampsvr\plugins\Shoebill.DLL
0x6db70000 - 0x6dfb9000 	C:\Program Files\Java\jdk1.6.0_24\jre\bin\server\jvm.dll
0x7c360000 - 0x7c3b6000 	C:\Windows\system32\MSVCR71.dll
0x75180000 - 0x751cc000 	C:\Windows\system32\apphelp.dll
0x6d850000 - 0x6d85c000 	C:\Program Files\Java\jdk1.6.0_24\jre\bin\verify.dll
0x6d3d0000 - 0x6d3ef000 	C:\Program Files\Java\jdk1.6.0_24\jre\bin\java.dll
0x6d330000 - 0x6d338000 	C:\Program Files\Java\jdk1.6.0_24\jre\bin\hpi.dll
0x6d890000 - 0x6d89f000 	C:\Program Files\Java\jdk1.6.0_24\jre\bin\zip.dll
0x65c90000 - 0x65ca6000 	C:\Users\MK124\Desktop\Shoebill\sampsvr\plugins\logpath.DLL
0x74cc0000 - 0x74cfc000 	C:\Windows\system32\mswsock.dll
0x747f0000 - 0x747f5000 	C:\Windows\System32\wshtcpip.dll
0x73ed0000 - 0x73ee0000 	C:\Windows\system32\NLAapi.dll
0x70970000 - 0x70980000 	C:\Windows\system32\napinsp.dll
0x70950000 - 0x70962000 	C:\Windows\system32\pnrpnsp.dll
0x70890000 - 0x7089d000 	C:\Windows\system32\wshbth.dll
0x74b80000 - 0x74bc4000 	C:\Windows\system32\DNSAPI.dll
0x70880000 - 0x70888000 	C:\Windows\System32\winrnr.dll
0x72e00000 - 0x72e1c000 	C:\Windows\system32\IPHLPAPI.DLL
0x72da0000 - 0x72da7000 	C:\Windows\system32\WINNSI.DLL
0x72d30000 - 0x72d68000 	C:\Windows\System32\fwpuclnt.dll
0x70140000 - 0x70146000 	C:\Windows\system32\rasadhlp.dll

VM Arguments:
jvm_args: -verbose:gc 
java_command: <unknown>
Launcher Type: generic

Environment Variables:
PATH=C:\Program Files\AMD APP\bin\x86;D:\Intel\VTune\CGGlbCache;D:\Intel\VTune\Analyzer\Bin;D:\Intel\VTune\Shared\Bin;C:\Windows\system32;C:\Windows;C:\Windows\System32\Wbem;C:\Windows\System32\WindowsPowerShell\v1.0\;C:\Program Files\Common Files\Thunder Network\KanKan\Codecs;C:\Program Files\ATI Technologies\ATI.ACE\Core-Static;C:\Program Files\TortoiseSVN\bin;D:\Microsoft Visual Studio\VC98\Bin;D:\Microsoft Visual Studio\Common\MSDev98\Bin;C:\Program Files\TortoiseHg\;D:\WINDDK\;C:\Program Files\Xuggle\bin;C:\Program Files\Git\cmd;C:\Program Files\TortoiseGit\bin;D:\Microsoft Visual Studio\Common\MSDev98\Bin;D:\Microsoft Visual Studio\Common\Tools;D:\Microsoft Visual Studio\VC98\bin;D:\Microsoft Visual Studio 2008 SDK\VisualStudioIntegration\Tools\Sandcastle\ProductionTools\;D:\SSH Secure Shell;C:\Program Files\Java\jdk1.6.0_24\bin;C:\Program Files\Java\jdk1.6.0_24\jre\bin\server;D:\GDI++
USERNAME=MK124
OS=Windows_NT
PROCESSOR_IDENTIFIER=x86 Family 6 Model 15 Stepping 13, GenuineIntel



---------------  S Y S T E M  ---------------

OS: Windows 7 Build 7601 Service Pack 1

CPU:total 2 (2 cores per cpu, 1 threads per core) family 6 model 15 stepping 13, cmov, cx8, fxsr, mmx, sse, sse2, sse3, ssse3

Memory: 4k page, physical 3144952k(1038352k free), swap 6288148k(3918280k free)

vm_info: Java HotSpot(TM) Server VM (19.1-b02) for windows-x86 JRE (1.6.0_24-b07), built on Feb  2 2011 17:37:30 by "java_re" with MS VC++ 7.1 (VS2003)

time: Wed Aug 10 02:30:15 2011
elapsed time: 524 seconds

